Updating GitHub Model...
server.adobe.github.com listening at http://0.0.0.0:8000
User github: kimchouard
GitHub Model initialized
Query recieved
Query recieved
Query recieved
Query recieved
Query recieved
GitHub model outdated
Updating GitHub Model...
GitHub model updated
Query recieved
Query recieved
Query recieved
GitHub model outdated
Updating GitHub Model...
GitHub model updated
Query recieved
GitHub model outdated
Updating GitHub Model...
GitHub model updated
Query recieved
GitHub model outdated
Updating GitHub Model...
GitHub model updated
Query recieved
Query recieved
